<?xml version="1.0" encoding="UTF-8"?>
<robot generator="Robot 6.0.2 (Python 3.10.10 on darwin)" generated="20230415 19:02:00.088" rpa="false" schemaversion="3">
<suite id="s1" name="Class Management Tests" source="/Users/daniloorrego/Documents/Danilo/fitgo-api-robot-tests/class_management_tests.robot">
<kw name="Create Sessions" library="resources" type="SETUP">
<kw name="Create Session" library="RequestsLibrary">
<arg>FitGoAPI</arg>
<arg>${BASE_URL}</arg>
<doc>Create Session: create a HTTP session to a server</doc>
<msg timestamp="20230415 19:02:00.277" level="INFO">Creating Session using : alias=FitGoAPI, url=https://fit-go-api.onrender.com/api, headers={},                     cookies={}, auth=None, timeout=None, proxies=None, verify=False,                     debug=0 </msg>
<status status="PASS" starttime="20230415 19:02:00.277" endtime="20230415 19:02:00.280"/>
</kw>
<kw name="Get FitGo token" library="resources">
<kw name="Create Dictionary" library="BuiltIn">
<var>&amp;{data}</var>
<arg>email=robot@test.com</arg>
<arg>password=Password123</arg>
<doc>Creates and returns a dictionary based on the given ``items``.</doc>
<msg timestamp="20230415 19:02:00.283" level="INFO">&amp;{data} = { email=robot@test.com | password=Password123 }</msg>
<status status="PASS" starttime="20230415 19:02:00.281" endtime="20230415 19:02:00.283"/>
</kw>
<kw name="POST On Session" library="RequestsLibrary">
<var>${response}</var>
<arg>FitGoAPI</arg>
<arg>${LOGIN_ENDPOINT}</arg>
<arg>json=${data}</arg>
<doc>Sends a POST request on a previously created HTTP Session.</doc>
<msg timestamp="20230415 19:02:00.869" level="INFO">POST Request : url=https://fit-go-api.onrender.com/api/users/login 
 path_url=/api/users/login 
 headers={'User-Agent': 'python-requests/2.28.1', 'Accept-Encoding': 'gzip, deflate', 'Accept': '*/*', 'Connection': 'keep-alive', 'Content-Length': '54', 'Content-Type': 'application/json'} 
 body=b'{"email": "robot@test.com", "password": "Password123"}' 
 </msg>
<msg timestamp="20230415 19:02:00.870" level="INFO">POST Response : url=https://fit-go-api.onrender.com/api/users/login 
 status=200, reason=OK 
 headers={'Date': 'Sat, 15 Apr 2023 22:02:00 GMT', 'Content-Type': 'application/json; charset=utf-8', 'Content-Length': '434', 'Connection': 'keep-alive', 'CF-Ray': '7b877868dfc30dd1-SCL', 'Content-Encoding': 'gzip', 'ETag': 'W/"21e-gTtvcQyF9aQIywOvzBug1FpMwh0"', 'Vary': 'Accept-Encoding', 'CF-Cache-Status': 'DYNAMIC', 'x-powered-by': 'Express', 'x-render-origin-server': 'Render', 'Server': 'cloudflare', 'alt-svc': 'h3=":443"; ma=86400, h3-29=":443"; ma=86400'} 
 body={"user":{"_id":"643b157fec46405e9ba77454","name":"John","lastName":"Doe","email":"robot@test.com","phone":"1234567890","personalId":"987654321","password":"$2a$08$aGjsSaKl/Im0GgMcyigog.cPO1WeZbe2mBNj6LxBUelLDD6QwEJA2","roles":["[\"user\"]"],"subscriptions":[],"createdAt":"2023-04-15T21:22:07.446Z","updatedAt":"2023-04-15T21:22:07.446Z","__v":0},"token":"eyJhbGciOiJIUzI1NiIsInR5cCI6IkpXVCJ9.eyJ1c2VySWQiOiI2NDNiMTU3ZmVjNDY0MDVlOWJhNzc0NTQiLCJyb2xlcyI6WyJbXCJ1c2VyXCJdIl0sImlhdCI6MTY4MTU5NjEyMH0.DsJuof-HMirxbWurW-7N7Yuhjxh9aj73Wf1Xo8GwKpg"} 
 </msg>
<msg timestamp="20230415 19:02:00.870" level="INFO">/Users/daniloorrego/Library/Python/3.10/lib/python/site-packages/urllib3/connectionpool.py:1045: InsecureRequestWarning: Unverified HTTPS request is being made to host 'fit-go-api.onrender.com'. Adding certificate verification is strongly advised. See: https://urllib3.readthedocs.io/en/1.26.x/advanced-usage.html#ssl-warnings
  warnings.warn(</msg>
<msg timestamp="20230415 19:02:00.871" level="INFO">${response} = &lt;Response [200]&gt;</msg>
<status status="PASS" starttime="20230415 19:02:00.284" endtime="20230415 19:02:00.871"/>
</kw>
<kw name="Should Be Equal As Strings" library="BuiltIn">
<arg>${response.status_code}</arg>
<arg>200</arg>
<doc>Fails if objects are unequal after converting them to strings.</doc>
<msg timestamp="20230415 19:02:00.872" level="INFO">Argument types are:
&lt;class 'int'&gt;
&lt;class 'str'&gt;</msg>
<status status="PASS" starttime="20230415 19:02:00.871" endtime="20230415 19:02:00.873"/>
</kw>
<kw name="Set Variable" library="BuiltIn">
<var>${json}</var>
<arg>${response.json()}</arg>
<doc>Returns the given values which can then be assigned to a variables.</doc>
<msg timestamp="20230415 19:02:00.874" level="INFO">${json} = {'user': {'_id': '643b157fec46405e9ba77454', 'name': 'John', 'lastName': 'Doe', 'email': 'robot@test.com', 'phone': '1234567890', 'personalId': '987654321', 'password': '$2a$08$aGjsSaKl/Im0GgMcyigog.c...</msg>
<status status="PASS" starttime="20230415 19:02:00.873" endtime="20230415 19:02:00.874"/>
</kw>
<kw name="Get From Dictionary" library="Collections">
<var>${token}</var>
<arg>${json}</arg>
<arg>token</arg>
<doc>Returns a value from the given ``dictionary`` based on the given ``key``.</doc>
<msg timestamp="20230415 19:02:00.875" level="INFO">${token} = eyJhbGciOiJIUzI1NiIsInR5cCI6IkpXVCJ9.eyJ1c2VySWQiOiI2NDNiMTU3ZmVjNDY0MDVlOWJhNzc0NTQiLCJyb2xlcyI6WyJbXCJ1c2VyXCJdIl0sImlhdCI6MTY4MTU5NjEyMH0.DsJuof-HMirxbWurW-7N7Yuhjxh9aj73Wf1Xo8GwKpg</msg>
<status status="PASS" starttime="20230415 19:02:00.875" endtime="20230415 19:02:00.875"/>
</kw>
<kw name="Set Suite Variable" library="BuiltIn">
<arg>${TOKEN}</arg>
<arg>${token}</arg>
<doc>Makes a variable available everywhere within the scope of the current suite.</doc>
<msg timestamp="20230415 19:02:00.876" level="INFO">${TOKEN} = eyJhbGciOiJIUzI1NiIsInR5cCI6IkpXVCJ9.eyJ1c2VySWQiOiI2NDNiMTU3ZmVjNDY0MDVlOWJhNzc0NTQiLCJyb2xlcyI6WyJbXCJ1c2VyXCJdIl0sImlhdCI6MTY4MTU5NjEyMH0.DsJuof-HMirxbWurW-7N7Yuhjxh9aj73Wf1Xo8GwKpg</msg>
<status status="PASS" starttime="20230415 19:02:00.876" endtime="20230415 19:02:00.876"/>
</kw>
<status status="PASS" starttime="20230415 19:02:00.281" endtime="20230415 19:02:00.877"/>
</kw>
<status status="PASS" starttime="20230415 19:02:00.276" endtime="20230415 19:02:00.877"/>
</kw>
<test id="s1-t1" name="Test Create Class With Valid Data" line="11">
<kw name="Create Dictionary" library="BuiltIn">
<var>${headers}</var>
<arg>Authorization=Bearer ${TOKEN}</arg>
<doc>Creates and returns a dictionary based on the given ``items``.</doc>
<msg timestamp="20230415 19:02:00.879" level="INFO">${headers} = {'Authorization': 'Bearer eyJhbGciOiJIUzI1NiIsInR5cCI6IkpXVCJ9.eyJ1c2VySWQiOiI2NDNiMTU3ZmVjNDY0MDVlOWJhNzc0NTQiLCJyb2xlcyI6WyJbXCJ1c2VyXCJdIl0sImlhdCI6MTY4MTU5NjEyMH0.DsJuof-HMirxbWurW-7N7Yuhjxh9aj73W...</msg>
<status status="PASS" starttime="20230415 19:02:00.878" endtime="20230415 19:02:00.880"/>
</kw>
<kw name="Create Dictionary" library="BuiltIn">
<var>&amp;{data}</var>
<arg>gymId=${GYM_ID}</arg>
<arg>name=Example Class</arg>
<arg>description=Fitness class</arg>
<doc>Creates and returns a dictionary based on the given ``items``.</doc>
<msg timestamp="20230415 19:02:00.883" level="INFO">&amp;{data} = { gymId=643b1e272c040f2a062ab9c8 | name=Example Class | description=Fitness class }</msg>
<status status="PASS" starttime="20230415 19:02:00.881" endtime="20230415 19:02:00.883"/>
</kw>
<kw name="POST On Session" library="RequestsLibrary">
<var>${response}</var>
<arg>FitGoAPI</arg>
<arg>${CLASSES_ENDPOINT}</arg>
<arg>json=${data}</arg>
<arg>headers=${headers}</arg>
<doc>Sends a POST request on a previously created HTTP Session.</doc>
<msg timestamp="20230415 19:02:01.648" level="INFO">POST Request : url=https://fit-go-api.onrender.com/api/classes 
 path_url=/api/classes 
 headers={'User-Agent': 'python-requests/2.28.1', 'Accept-Encoding': 'gzip, deflate', 'Accept': '*/*', 'Connection': 'keep-alive', 'Authorization': 'Bearer eyJhbGciOiJIUzI1NiIsInR5cCI6IkpXVCJ9.eyJ1c2VySWQiOiI2NDNiMTU3ZmVjNDY0MDVlOWJhNzc0NTQiLCJyb2xlcyI6WyJbXCJ1c2VyXCJdIl0sImlhdCI6MTY4MTU5NjEyMH0.DsJuof-HMirxbWurW-7N7Yuhjxh9aj73Wf1Xo8GwKpg', 'Content-Length': '94', 'Content-Type': 'application/json'} 
 body=b'{"gymId": "643b1e272c040f2a062ab9c8", "name": "Example Class", "description": "Fitness class"}' 
 </msg>
<msg timestamp="20230415 19:02:01.648" level="INFO">POST Response : url=https://fit-go-api.onrender.com/api/classes 
 status=201, reason=Created 
 headers={'Date': 'Sat, 15 Apr 2023 22:02:01 GMT', 'Content-Type': 'application/json; charset=utf-8', 'Content-Length': '164', 'Connection': 'keep-alive', 'CF-Ray': '7b87786befd90dd1-SCL', 'Content-Encoding': 'gzip', 'ETag': 'W/"d0-feOYUUGkb1H+tGda1AAzqplNh4A"', 'Vary': 'Accept-Encoding', 'CF-Cache-Status': 'DYNAMIC', 'x-powered-by': 'Express', 'x-render-origin-server': 'Render', 'Server': 'cloudflare', 'alt-svc': 'h3=":443"; ma=86400, h3-29=":443"; ma=86400'} 
 body={"gymId":"643b1e272c040f2a062ab9c8","name":"Example Class","description":"Fitness class","_id":"643b1ed92c040f2a062ab9cf","createdAt":"2023-04-15T22:02:01.518Z","updatedAt":"2023-04-15T22:02:01.518Z","__v":0} 
 </msg>
<msg timestamp="20230415 19:02:01.649" level="INFO">/Users/daniloorrego/Library/Python/3.10/lib/python/site-packages/urllib3/connectionpool.py:1045: InsecureRequestWarning: Unverified HTTPS request is being made to host 'fit-go-api.onrender.com'. Adding certificate verification is strongly advised. See: https://urllib3.readthedocs.io/en/1.26.x/advanced-usage.html#ssl-warnings
  warnings.warn(</msg>
<msg timestamp="20230415 19:02:01.649" level="INFO">${response} = &lt;Response [201]&gt;</msg>
<status status="PASS" starttime="20230415 19:02:00.886" endtime="20230415 19:02:01.649"/>
</kw>
<kw name="Should Be Equal As Strings" library="BuiltIn">
<arg>${response.status_code}</arg>
<arg>201</arg>
<doc>Fails if objects are unequal after converting them to strings.</doc>
<msg timestamp="20230415 19:02:01.651" level="INFO">Argument types are:
&lt;class 'int'&gt;
&lt;class 'str'&gt;</msg>
<status status="PASS" starttime="20230415 19:02:01.650" endtime="20230415 19:02:01.652"/>
</kw>
<kw name="Set Variable" library="BuiltIn">
<var>${json}</var>
<arg>${response.json()}</arg>
<doc>Returns the given values which can then be assigned to a variables.</doc>
<msg timestamp="20230415 19:02:01.653" level="INFO">${json} = {'gymId': '643b1e272c040f2a062ab9c8', 'name': 'Example Class', 'description': 'Fitness class', '_id': '643b1ed92c040f2a062ab9cf', 'createdAt': '2023-04-15T22:02:01.518Z', 'updatedAt': '2023-04-15T22:0...</msg>
<status status="PASS" starttime="20230415 19:02:01.652" endtime="20230415 19:02:01.653"/>
</kw>
<tag>POST</tag>
<status status="PASS" starttime="20230415 19:02:00.878" endtime="20230415 19:02:01.654"/>
</test>
<test id="s1-t2" name="Test Get All Classes" line="20">
<kw name="Create Dictionary" library="BuiltIn">
<var>${headers}</var>
<arg>Authorization=Bearer ${TOKEN}</arg>
<doc>Creates and returns a dictionary based on the given ``items``.</doc>
<msg timestamp="20230415 19:02:01.658" level="INFO">${headers} = {'Authorization': 'Bearer eyJhbGciOiJIUzI1NiIsInR5cCI6IkpXVCJ9.eyJ1c2VySWQiOiI2NDNiMTU3ZmVjNDY0MDVlOWJhNzc0NTQiLCJyb2xlcyI6WyJbXCJ1c2VyXCJdIl0sImlhdCI6MTY4MTU5NjEyMH0.DsJuof-HMirxbWurW-7N7Yuhjxh9aj73W...</msg>
<status status="PASS" starttime="20230415 19:02:01.658" endtime="20230415 19:02:01.659"/>
</kw>
<kw name="GET On Session" library="RequestsLibrary">
<var>${response}</var>
<arg>FitGoAPI</arg>
<arg>${CLASSES_ENDPOINT}</arg>
<arg>headers=${headers}</arg>
<doc>Sends a GET request on a previously created HTTP Session.</doc>
<msg timestamp="20230415 19:02:02.005" level="INFO">GET Request : url=https://fit-go-api.onrender.com/api/classes 
 path_url=/api/classes 
 headers={'User-Agent': 'python-requests/2.28.1', 'Accept-Encoding': 'gzip, deflate', 'Accept': '*/*', 'Connection': 'keep-alive', 'Authorization': 'Bearer eyJhbGciOiJIUzI1NiIsInR5cCI6IkpXVCJ9.eyJ1c2VySWQiOiI2NDNiMTU3ZmVjNDY0MDVlOWJhNzc0NTQiLCJyb2xlcyI6WyJbXCJ1c2VyXCJdIl0sImlhdCI6MTY4MTU5NjEyMH0.DsJuof-HMirxbWurW-7N7Yuhjxh9aj73Wf1Xo8GwKpg'} 
 body=None 
 </msg>
<msg timestamp="20230415 19:02:02.006" level="INFO">GET Response : url=https://fit-go-api.onrender.com/api/classes 
 status=200, reason=OK 
 headers={'Date': 'Sat, 15 Apr 2023 22:02:02 GMT', 'Content-Type': 'application/json; charset=utf-8', 'Content-Length': '189', 'Connection': 'keep-alive', 'CF-Ray': '7b877870bbee0dd1-SCL', 'Content-Encoding': 'gzip', 'ETag': 'W/"1a3-CmZUPpV+7xA1qJU4rt6eSNqsDLA"', 'Vary': 'Accept-Encoding', 'CF-Cache-Status': 'DYNAMIC', 'x-powered-by': 'Express', 'x-render-origin-server': 'Render', 'Server': 'cloudflare', 'alt-svc': 'h3=":443"; ma=86400, h3-29=":443"; ma=86400'} 
 body=[{"_id":"643b1ece2c040f2a062ab9cc","gymId":"643b1e272c040f2a062ab9c8","name":"Example Class","description":"Fitness class","createdAt":"2023-04-15T22:01:50.550Z","updatedAt":"2023-04-15T22:01:50.550Z","__v":0},{"_id":"643b1ed92c040f2a062ab9cf","gymId":"643b1e272c040f2a062ab9c8","name":"Example Class","description":"Fitness class","createdAt":"2023-04-15T22:02:01.518Z","updatedAt":"2023-04-15T22:02:01.518Z","__v":0}] 
 </msg>
<msg timestamp="20230415 19:02:02.006" level="INFO">/Users/daniloorrego/Library/Python/3.10/lib/python/site-packages/urllib3/connectionpool.py:1045: InsecureRequestWarning: Unverified HTTPS request is being made to host 'fit-go-api.onrender.com'. Adding certificate verification is strongly advised. See: https://urllib3.readthedocs.io/en/1.26.x/advanced-usage.html#ssl-warnings
  warnings.warn(</msg>
<msg timestamp="20230415 19:02:02.006" level="INFO">${response} = &lt;Response [200]&gt;</msg>
<status status="PASS" starttime="20230415 19:02:01.659" endtime="20230415 19:02:02.006"/>
</kw>
<kw name="Should Be Equal As Strings" library="BuiltIn">
<arg>${response.status_code}</arg>
<arg>200</arg>
<doc>Fails if objects are unequal after converting them to strings.</doc>
<msg timestamp="20230415 19:02:02.008" level="INFO">Argument types are:
&lt;class 'int'&gt;
&lt;class 'str'&gt;</msg>
<status status="PASS" starttime="20230415 19:02:02.007" endtime="20230415 19:02:02.009"/>
</kw>
<kw name="Set Variable" library="BuiltIn">
<var>${json}</var>
<arg>${response.json()}</arg>
<doc>Returns the given values which can then be assigned to a variables.</doc>
<msg timestamp="20230415 19:02:02.010" level="INFO">${json} = [{'_id': '643b1ece2c040f2a062ab9cc', 'gymId': '643b1e272c040f2a062ab9c8', 'name': 'Example Class', 'description': 'Fitness class', 'createdAt': '2023-04-15T22:01:50.550Z', 'updatedAt': '2023-04-15T22:...</msg>
<status status="PASS" starttime="20230415 19:02:02.009" endtime="20230415 19:02:02.010"/>
</kw>
<kw name="Get From Dictionary" library="Collections">
<var>${class_id}</var>
<arg>${json[0]}</arg>
<arg>_id</arg>
<doc>Returns a value from the given ``dictionary`` based on the given ``key``.</doc>
<msg timestamp="20230415 19:02:02.012" level="INFO">${class_id} = 643b1ece2c040f2a062ab9cc</msg>
<status status="PASS" starttime="20230415 19:02:02.011" endtime="20230415 19:02:02.012"/>
</kw>
<kw name="Set Suite Variable" library="BuiltIn">
<arg>${CLASS_ID}</arg>
<arg>${class_id}</arg>
<doc>Makes a variable available everywhere within the scope of the current suite.</doc>
<msg timestamp="20230415 19:02:02.013" level="INFO">${CLASS_ID} = 643b1ece2c040f2a062ab9cc</msg>
<status status="PASS" starttime="20230415 19:02:02.012" endtime="20230415 19:02:02.014"/>
</kw>
<tag>GET</tag>
<status status="PASS" starttime="20230415 19:02:01.657" endtime="20230415 19:02:02.014"/>
</test>
<test id="s1-t3" name="Test Get Class By ID" line="31">
<kw name="Create Dictionary" library="BuiltIn">
<var>${headers}</var>
<arg>Authorization=Bearer ${TOKEN}</arg>
<doc>Creates and returns a dictionary based on the given ``items``.</doc>
<msg timestamp="20230415 19:02:02.017" level="INFO">${headers} = {'Authorization': 'Bearer eyJhbGciOiJIUzI1NiIsInR5cCI6IkpXVCJ9.eyJ1c2VySWQiOiI2NDNiMTU3ZmVjNDY0MDVlOWJhNzc0NTQiLCJyb2xlcyI6WyJbXCJ1c2VyXCJdIl0sImlhdCI6MTY4MTU5NjEyMH0.DsJuof-HMirxbWurW-7N7Yuhjxh9aj73W...</msg>
<status status="PASS" starttime="20230415 19:02:02.016" endtime="20230415 19:02:02.017"/>
</kw>
<kw name="GET On Session" library="RequestsLibrary">
<var>${response}</var>
<arg>FitGoAPI</arg>
<arg>${CLASSES_ENDPOINT}/${CLASS_ID}</arg>
<arg>headers=${headers}</arg>
<doc>Sends a GET request on a previously created HTTP Session.</doc>
<msg timestamp="20230415 19:02:02.768" level="INFO">GET Request : url=https://fit-go-api.onrender.com/api/classes/643b1ece2c040f2a062ab9cc 
 path_url=/api/classes/643b1ece2c040f2a062ab9cc 
 headers={'User-Agent': 'python-requests/2.28.1', 'Accept-Encoding': 'gzip, deflate', 'Accept': '*/*', 'Connection': 'keep-alive', 'Authorization': 'Bearer eyJhbGciOiJIUzI1NiIsInR5cCI6IkpXVCJ9.eyJ1c2VySWQiOiI2NDNiMTU3ZmVjNDY0MDVlOWJhNzc0NTQiLCJyb2xlcyI6WyJbXCJ1c2VyXCJdIl0sImlhdCI6MTY4MTU5NjEyMH0.DsJuof-HMirxbWurW-7N7Yuhjxh9aj73Wf1Xo8GwKpg'} 
 body=None 
 </msg>
<msg timestamp="20230415 19:02:02.769" level="INFO">GET Response : url=https://fit-go-api.onrender.com/api/classes/643b1ece2c040f2a062ab9cc 
 status=200, reason=OK 
 headers={'Date': 'Sat, 15 Apr 2023 22:02:02 GMT', 'Content-Type': 'application/json; charset=utf-8', 'Content-Length': '162', 'Connection': 'keep-alive', 'CF-Ray': '7b877872f9be0dd1-SCL', 'Content-Encoding': 'gzip', 'ETag': 'W/"d0-DbAjSy07KIzExoGR0s4HHu6rOw8"', 'Vary': 'Accept-Encoding', 'CF-Cache-Status': 'DYNAMIC', 'x-powered-by': 'Express', 'x-render-origin-server': 'Render', 'Server': 'cloudflare', 'alt-svc': 'h3=":443"; ma=86400, h3-29=":443"; ma=86400'} 
 body={"_id":"643b1ece2c040f2a062ab9cc","gymId":"643b1e272c040f2a062ab9c8","name":"Example Class","description":"Fitness class","createdAt":"2023-04-15T22:01:50.550Z","updatedAt":"2023-04-15T22:01:50.550Z","__v":0} 
 </msg>
<msg timestamp="20230415 19:02:02.769" level="INFO">/Users/daniloorrego/Library/Python/3.10/lib/python/site-packages/urllib3/connectionpool.py:1045: InsecureRequestWarning: Unverified HTTPS request is being made to host 'fit-go-api.onrender.com'. Adding certificate verification is strongly advised. See: https://urllib3.readthedocs.io/en/1.26.x/advanced-usage.html#ssl-warnings
  warnings.warn(</msg>
<msg timestamp="20230415 19:02:02.770" level="INFO">${response} = &lt;Response [200]&gt;</msg>
<status status="PASS" starttime="20230415 19:02:02.018" endtime="20230415 19:02:02.770"/>
</kw>
<kw name="Should Be Equal As Strings" library="BuiltIn">
<arg>${response.status_code}</arg>
<arg>200</arg>
<doc>Fails if objects are unequal after converting them to strings.</doc>
<msg timestamp="20230415 19:02:02.773" level="INFO">Argument types are:
&lt;class 'int'&gt;
&lt;class 'str'&gt;</msg>
<status status="PASS" starttime="20230415 19:02:02.772" endtime="20230415 19:02:02.774"/>
</kw>
<kw name="Set Variable" library="BuiltIn">
<var>${json}</var>
<arg>${response.json()}</arg>
<doc>Returns the given values which can then be assigned to a variables.</doc>
<msg timestamp="20230415 19:02:02.777" level="INFO">${json} = {'_id': '643b1ece2c040f2a062ab9cc', 'gymId': '643b1e272c040f2a062ab9c8', 'name': 'Example Class', 'description': 'Fitness class', 'createdAt': '2023-04-15T22:01:50.550Z', 'updatedAt': '2023-04-15T22:0...</msg>
<status status="PASS" starttime="20230415 19:02:02.775" endtime="20230415 19:02:02.777"/>
</kw>
<tag>GET</tag>
<status status="PASS" starttime="20230415 19:02:02.015" endtime="20230415 19:02:02.778"/>
</test>
<test id="s1-t4" name="Test Update Class" line="39">
<kw name="Create Dictionary" library="BuiltIn">
<var>${headers}</var>
<arg>Authorization=Bearer ${TOKEN}</arg>
<doc>Creates and returns a dictionary based on the given ``items``.</doc>
<msg timestamp="20230415 19:02:02.781" level="INFO">${headers} = {'Authorization': 'Bearer eyJhbGciOiJIUzI1NiIsInR5cCI6IkpXVCJ9.eyJ1c2VySWQiOiI2NDNiMTU3ZmVjNDY0MDVlOWJhNzc0NTQiLCJyb2xlcyI6WyJbXCJ1c2VyXCJdIl0sImlhdCI6MTY4MTU5NjEyMH0.DsJuof-HMirxbWurW-7N7Yuhjxh9aj73W...</msg>
<status status="PASS" starttime="20230415 19:02:02.779" endtime="20230415 19:02:02.781"/>
</kw>
<kw name="Create Dictionary" library="BuiltIn">
<var>&amp;{data}</var>
<arg>name=Updated Class</arg>
<arg>description=Updated fitness class</arg>
<doc>Creates and returns a dictionary based on the given ``items``.</doc>
<msg timestamp="20230415 19:02:02.783" level="INFO">&amp;{data} = { name=Updated Class | description=Updated fitness class }</msg>
<status status="PASS" starttime="20230415 19:02:02.782" endtime="20230415 19:02:02.784"/>
</kw>
<kw name="PUT On Session" library="RequestsLibrary">
<var>${response}</var>
<arg>FitGoAPI</arg>
<arg>${CLASSES_ENDPOINT}/${CLASS_ID}</arg>
<arg>json=${data}</arg>
<arg>headers=${headers}</arg>
<doc>Sends a PUT request on a previously created HTTP Session.</doc>
<msg timestamp="20230415 19:02:03.141" level="INFO">PUT Request : url=https://fit-go-api.onrender.com/api/classes/643b1ece2c040f2a062ab9cc 
 path_url=/api/classes/643b1ece2c040f2a062ab9cc 
 headers={'User-Agent': 'python-requests/2.28.1', 'Accept-Encoding': 'gzip, deflate', 'Accept': '*/*', 'Connection': 'keep-alive', 'Authorization': 'Bearer eyJhbGciOiJIUzI1NiIsInR5cCI6IkpXVCJ9.eyJ1c2VySWQiOiI2NDNiMTU3ZmVjNDY0MDVlOWJhNzc0NTQiLCJyb2xlcyI6WyJbXCJ1c2VyXCJdIl0sImlhdCI6MTY4MTU5NjEyMH0.DsJuof-HMirxbWurW-7N7Yuhjxh9aj73Wf1Xo8GwKpg', 'Content-Length': '65', 'Content-Type': 'application/json'} 
 body=b'{"name": "Updated Class", "description": "Updated fitness class"}' 
 </msg>
<msg timestamp="20230415 19:02:03.141" level="INFO">PUT Response : url=https://fit-go-api.onrender.com/api/classes/643b1ece2c040f2a062ab9cc 
 status=200, reason=OK 
 headers={'Date': 'Sat, 15 Apr 2023 22:02:03 GMT', 'Content-Type': 'application/json; charset=utf-8', 'Content-Length': '168', 'Connection': 'keep-alive', 'CF-Ray': '7b877877ce110dd1-SCL', 'Content-Encoding': 'gzip', 'ETag': 'W/"d8-Xy71dJ9wFX9pt+e2FiWC85L7Rfc"', 'Vary': 'Accept-Encoding', 'CF-Cache-Status': 'DYNAMIC', 'x-powered-by': 'Express', 'x-render-origin-server': 'Render', 'Server': 'cloudflare', 'alt-svc': 'h3=":443"; ma=86400, h3-29=":443"; ma=86400'} 
 body={"_id":"643b1ece2c040f2a062ab9cc","gymId":"643b1e272c040f2a062ab9c8","name":"Updated Class","description":"Updated fitness class","createdAt":"2023-04-15T22:01:50.550Z","updatedAt":"2023-04-15T22:02:02.980Z","__v":0} 
 </msg>
<msg timestamp="20230415 19:02:03.141" level="INFO">/Users/daniloorrego/Library/Python/3.10/lib/python/site-packages/urllib3/connectionpool.py:1045: InsecureRequestWarning: Unverified HTTPS request is being made to host 'fit-go-api.onrender.com'. Adding certificate verification is strongly advised. See: https://urllib3.readthedocs.io/en/1.26.x/advanced-usage.html#ssl-warnings
  warnings.warn(</msg>
<msg timestamp="20230415 19:02:03.142" level="INFO">${response} = &lt;Response [200]&gt;</msg>
<status status="PASS" starttime="20230415 19:02:02.785" endtime="20230415 19:02:03.142"/>
</kw>
<kw name="Should Be Equal As Strings" library="BuiltIn">
<arg>${response.status_code}</arg>
<arg>200</arg>
<doc>Fails if objects are unequal after converting them to strings.</doc>
<msg timestamp="20230415 19:02:03.144" level="INFO">Argument types are:
&lt;class 'int'&gt;
&lt;class 'str'&gt;</msg>
<status status="PASS" starttime="20230415 19:02:03.143" endtime="20230415 19:02:03.144"/>
</kw>
<kw name="Set Variable" library="BuiltIn">
<var>${json}</var>
<arg>${response.json()}</arg>
<doc>Returns the given values which can then be assigned to a variables.</doc>
<msg timestamp="20230415 19:02:03.146" level="INFO">${json} = {'_id': '643b1ece2c040f2a062ab9cc', 'gymId': '643b1e272c040f2a062ab9c8', 'name': 'Updated Class', 'description': 'Updated fitness class', 'createdAt': '2023-04-15T22:01:50.550Z', 'updatedAt': '2023-04...</msg>
<status status="PASS" starttime="20230415 19:02:03.145" endtime="20230415 19:02:03.146"/>
</kw>
<tag>PUT</tag>
<status status="PASS" starttime="20230415 19:02:02.778" endtime="20230415 19:02:03.148"/>
</test>
<test id="s1-t5" name="Test Delete Class" line="48">
<kw name="Create Dictionary" library="BuiltIn">
<var>${headers}</var>
<arg>Authorization=Bearer ${TOKEN}</arg>
<doc>Creates and returns a dictionary based on the given ``items``.</doc>
<msg timestamp="20230415 19:02:03.152" level="INFO">${headers} = {'Authorization': 'Bearer eyJhbGciOiJIUzI1NiIsInR5cCI6IkpXVCJ9.eyJ1c2VySWQiOiI2NDNiMTU3ZmVjNDY0MDVlOWJhNzc0NTQiLCJyb2xlcyI6WyJbXCJ1c2VyXCJdIl0sImlhdCI6MTY4MTU5NjEyMH0.DsJuof-HMirxbWurW-7N7Yuhjxh9aj73W...</msg>
<status status="PASS" starttime="20230415 19:02:03.151" endtime="20230415 19:02:03.152"/>
</kw>
<kw name="DELETE On Session" library="RequestsLibrary">
<var>${response}</var>
<arg>FitGoAPI</arg>
<arg>${CLASSES_ENDPOINT}/${CLASS_ID}</arg>
<arg>headers=${headers}</arg>
<doc>Sends a DELETE request on a previously created HTTP Session.</doc>
<msg timestamp="20230415 19:02:03.549" level="INFO">DELETE Request : url=https://fit-go-api.onrender.com/api/classes/643b1ece2c040f2a062ab9cc 
 path_url=/api/classes/643b1ece2c040f2a062ab9cc 
 headers={'User-Agent': 'python-requests/2.28.1', 'Accept-Encoding': 'gzip, deflate', 'Accept': '*/*', 'Connection': 'keep-alive', 'Authorization': 'Bearer eyJhbGciOiJIUzI1NiIsInR5cCI6IkpXVCJ9.eyJ1c2VySWQiOiI2NDNiMTU3ZmVjNDY0MDVlOWJhNzc0NTQiLCJyb2xlcyI6WyJbXCJ1c2VyXCJdIl0sImlhdCI6MTY4MTU5NjEyMH0.DsJuof-HMirxbWurW-7N7Yuhjxh9aj73Wf1Xo8GwKpg', 'Content-Length': '0'} 
 body=None 
 </msg>
<msg timestamp="20230415 19:02:03.550" level="INFO">DELETE Response : url=https://fit-go-api.onrender.com/api/classes/643b1ece2c040f2a062ab9cc 
 status=200, reason=OK 
 headers={'Date': 'Sat, 15 Apr 2023 22:02:03 GMT', 'Content-Type': 'application/json; charset=utf-8', 'Content-Length': '64', 'Connection': 'keep-alive', 'CF-Ray': '7b87787a0b5a0dd1-SCL', 'Content-Encoding': 'gzip', 'ETag': 'W/"28-C1ba9TIQ9wbpDMT+MCHaTSjKrZk"', 'Vary': 'Accept-Encoding', 'CF-Cache-Status': 'DYNAMIC', 'x-powered-by': 'Express', 'x-render-origin-server': 'Render', 'Server': 'cloudflare', 'alt-svc': 'h3=":443"; ma=86400, h3-29=":443"; ma=86400'} 
 body={"message":"Class successfully deleted"} 
 </msg>
<msg timestamp="20230415 19:02:03.550" level="INFO">/Users/daniloorrego/Library/Python/3.10/lib/python/site-packages/urllib3/connectionpool.py:1045: InsecureRequestWarning: Unverified HTTPS request is being made to host 'fit-go-api.onrender.com'. Adding certificate verification is strongly advised. See: https://urllib3.readthedocs.io/en/1.26.x/advanced-usage.html#ssl-warnings
  warnings.warn(</msg>
<msg timestamp="20230415 19:02:03.550" level="INFO">${response} = &lt;Response [200]&gt;</msg>
<status status="PASS" starttime="20230415 19:02:03.153" endtime="20230415 19:02:03.550"/>
</kw>
<kw name="Should Be Equal As Strings" library="BuiltIn">
<arg>${response.status_code}</arg>
<arg>200</arg>
<doc>Fails if objects are unequal after converting them to strings.</doc>
<msg timestamp="20230415 19:02:03.552" level="INFO">Argument types are:
&lt;class 'int'&gt;
&lt;class 'str'&gt;</msg>
<status status="PASS" starttime="20230415 19:02:03.551" endtime="20230415 19:02:03.552"/>
</kw>
<kw name="Set Variable" library="BuiltIn">
<var>${json}</var>
<arg>${response.json()}</arg>
<doc>Returns the given values which can then be assigned to a variables.</doc>
<msg timestamp="20230415 19:02:03.554" level="INFO">${json} = {'message': 'Class successfully deleted'}</msg>
<status status="PASS" starttime="20230415 19:02:03.553" endtime="20230415 19:02:03.554"/>
</kw>
<tag>DELETE</tag>
<status status="PASS" starttime="20230415 19:02:03.150" endtime="20230415 19:02:03.555"/>
</test>
<status status="PASS" starttime="20230415 19:02:00.094" endtime="20230415 19:02:03.557"/>
</suite>
<statistics>
<total>
<stat pass="5" fail="0" skip="0">All Tests</stat>
</total>
<tag>
<stat pass="1" fail="0" skip="0">DELETE</stat>
<stat pass="2" fail="0" skip="0">GET</stat>
<stat pass="1" fail="0" skip="0">POST</stat>
<stat pass="1" fail="0" skip="0">PUT</stat>
</tag>
<suite>
<stat pass="5" fail="0" skip="0" id="s1" name="Class Management Tests">Class Management Tests</stat>
</suite>
</statistics>
<errors>
</errors>
</robot>
